2023-01-26 11:20:26 [INFO ] [Browser] - [startBrowser] Selected Browser is: chrome
2023-01-26 11:20:40 [INFO ] [Browser] - [takeScreenshot] Exception has Occured while taking screenshot
2023-01-26 11:20:40 [INFO ] [Base] - [closeBrowser] Scenario Completed: User can able to provide all the valid datas into the Respective  Input fields
2023-01-26 11:20:40 [INFO ] [Base] - [closeBrowser] Scenario Status is: failed
2023-01-26 11:39:01 [INFO ] [Browser] - [startBrowser] Selected Browser is: chrome
2023-01-26 11:39:05 [INFO ] [Browser] - [takeScreenshot] Exception has Occured while taking screenshot
2023-01-26 11:39:05 [INFO ] [Base] - [closeBrowser] Scenario Completed: User can able to provide all the valid datas into the Respective  Input fields
2023-01-26 11:39:05 [INFO ] [Base] - [closeBrowser] Scenario Status is: failed
2023-01-26 11:53:56 [INFO ] [Hooks] - [setUp] Scenario Started: User can able to provide all the valid datas into the Respective  Input fields
2023-01-26 11:53:56 [INFO ] [Browser] - [startBrowser] Selected Browser is: chrome
2023-01-26 11:54:00 [INFO ] [Browser] - [takeScreenshot] Exception has Occured while taking screenshot
2023-01-26 11:54:00 [INFO ] [Hooks] - [closeBrowser] Scenario Completed: User can able to provide all the valid datas into the Respective  Input fields
2023-01-26 11:54:00 [INFO ] [Hooks] - [closeBrowser] Scenario Status is: failed
2023-01-26 11:56:32 [INFO ] [Hooks] - [setUp] Scenario Started: User can able to provide all the valid datas into the Respective  Input fields
2023-01-26 11:56:32 [INFO ] [Browser] - [startBrowser] Selected Browser is: chrome
2023-01-26 11:56:41 [INFO ] [Browser] - [startBrowser] Chrome Browser is Started1540348659
2023-01-26 11:56:43 [INFO ] [Hooks] - [closeBrowser] Scenario Completed: User can able to provide all the valid datas into the Respective  Input fields
2023-01-26 11:56:43 [INFO ] [Hooks] - [closeBrowser] Scenario Status is: failed
2023-01-26 12:00:09 [INFO ] [Hooks] - [setUp] Scenario Started: User can able to provide all the valid datas into the Respective  Input fields
2023-01-26 12:00:09 [INFO ] [Browser] - [startBrowser] Selected Browser is: chrome
2023-01-26 12:00:12 [INFO ] [Browser] - [startBrowser] Chrome Browser is Started332149215
2023-01-26 12:00:13 [INFO ] [Hooks] - [closeBrowser] Scenario Completed: User can able to provide all the valid datas into the Respective  Input fields
2023-01-26 12:00:13 [INFO ] [Hooks] - [closeBrowser] Scenario Status is: failed
2023-01-26 12:02:17 [INFO ] [Hooks] - [setUp] Scenario Started: User can able to provide all the valid datas into the Respective  Input fields
2023-01-26 12:02:17 [INFO ] [Browser] - [startBrowser] Selected Browser is: chrome
2023-01-26 12:02:21 [INFO ] [Browser] - [startBrowser] Chrome Browser is Started1501019626
2023-01-26 12:02:21 [INFO ] [Hooks] - [closeBrowser] Scenario Completed: User can able to provide all the valid datas into the Respective  Input fields
2023-01-26 12:02:21 [INFO ] [Hooks] - [closeBrowser] Scenario Status is: failed
2023-01-26 12:05:17 [INFO ] [Hooks] - [setUp] Scenario Started: User can able to provide all the valid datas into the Respective  Input fields
2023-01-26 12:05:17 [INFO ] [Browser] - [startBrowser] Selected Browser is: chrome
2023-01-26 12:05:23 [INFO ] [Browser] - [startBrowser] Chrome Browser is Started1501019626
2023-01-26 12:05:24 [INFO ] [Hooks] - [closeBrowser] Scenario Completed: User can able to provide all the valid datas into the Respective  Input fields
2023-01-26 12:05:24 [INFO ] [Hooks] - [closeBrowser] Scenario Status is: failed
2023-01-26 12:11:07 [INFO ] [Hooks] - [setUp] Scenario Started: User can able to provide all the valid datas into the Respective  Input fields
2023-01-26 12:11:07 [INFO ] [Browser] - [startBrowser] Selected Browser is: chrome
2023-01-26 12:11:11 [INFO ] [Browser] - [startBrowser] Chrome Browser is Started2026371507
2023-01-26 12:11:15 [INFO ] [Hooks] - [closeBrowser] Scenario Completed: User can able to provide all the valid datas into the Respective  Input fields
2023-01-26 12:11:15 [INFO ] [Hooks] - [closeBrowser] Scenario Status is: PASSED
2023-01-26 12:18:23 [INFO ] [Hooks] - [setUp] Scenario Started: User can able to provide all the valid datas into the Respective  Input fields
2023-01-26 12:18:23 [INFO ] [Browser] - [startBrowser] Selected Browser is: chrome
2023-01-26 12:18:26 [INFO ] [Browser] - [startBrowser] Chrome Browser is Started800456240
2023-01-26 12:18:30 [INFO ] [Hooks] - [closeBrowser] Scenario Completed: User can able to provide all the valid datas into the Respective  Input fields
2023-01-26 12:18:30 [INFO ] [Hooks] - [closeBrowser] Scenario Status is: PASSED
2023-01-26 12:38:09 [INFO ] [Hooks] - [setUp] Scenario Started: User can able to provide all the valid datas into the Respective  Input fields
2023-01-26 12:38:09 [INFO ] [Browser] - [startBrowser] Selected Browser is: chrome
2023-01-26 12:38:14 [INFO ] [Browser] - [startBrowser] Chrome Browser is Started144467413
2023-01-26 12:38:17 [INFO ] [Hooks] - [closeBrowser] Scenario Completed: User can able to provide all the valid datas into the Respective  Input fields
2023-01-26 12:38:17 [INFO ] [Hooks] - [closeBrowser] Scenario Status is: PASSED
2023-01-26 12:44:22 [INFO ] [Hooks] - [setUp] Scenario Started: User can able to provide all the valid datas into the Respective  Input fields
2023-01-26 12:44:22 [INFO ] [Browser] - [startBrowser] Selected Browser is: chrome
2023-01-26 12:44:25 [INFO ] [Browser] - [startBrowser] Chrome Browser is Started887230059
2023-01-26 12:44:34 [INFO ] [Hooks] - [closeBrowser] Scenario Completed: User can able to provide all the valid datas into the Respective  Input fields
2023-01-26 12:44:34 [INFO ] [Hooks] - [closeBrowser] Scenario Status is: PASSED
2023-01-26 12:50:39 [INFO ] [Hooks] - [setUp] Scenario Started: User can able to provide all the valid datas into the Respective  Input fields
2023-01-26 12:50:39 [INFO ] [Browser] - [startBrowser] Selected Browser is: chrome
2023-01-26 12:50:42 [INFO ] [Browser] - [startBrowser] Chrome Browser is Started1642319693
2023-01-26 12:50:51 [INFO ] [Hooks] - [closeBrowser] Scenario Completed: User can able to provide all the valid datas into the Respective  Input fields
2023-01-26 12:50:51 [INFO ] [Hooks] - [closeBrowser] Scenario Status is: PASSED
2023-01-26 12:51:57 [INFO ] [Hooks] - [setUp] Scenario Started: User can able to provide all the valid datas into the Respective  Input fields
2023-01-26 12:51:57 [INFO ] [Browser] - [startBrowser] Selected Browser is: chrome
2023-01-26 12:52:00 [INFO ] [Browser] - [startBrowser] Chrome Browser is Started1457075858
2023-01-26 12:52:03 [INFO ] [Hooks] - [closeBrowser] Scenario Completed: User can able to provide all the valid datas into the Respective  Input fields
2023-01-26 12:52:03 [INFO ] [Hooks] - [closeBrowser] Scenario Status is: PASSED
2023-01-26 12:54:41 [INFO ] [Hooks] - [setUp] Scenario Started: User can able to provide all the valid datas into the Respective  Input fields
2023-01-26 12:54:41 [INFO ] [Browser] - [startBrowser] Selected Browser is: chrome
2023-01-26 12:54:44 [INFO ] [Browser] - [startBrowser] Chrome Browser is Started124540047
2023-01-26 12:54:46 [INFO ] [Hooks] - [closeBrowser] Scenario Completed: User can able to provide all the valid datas into the Respective  Input fields
2023-01-26 12:54:46 [INFO ] [Hooks] - [closeBrowser] Scenario Status is: PASSED
2023-01-26 18:14:42 [INFO ] [Hooks] - [setUp] Scenario Started: User can able to provide all the valid datas into the Respective  Input fields
2023-01-26 18:14:42 [INFO ] [Browser] - [startBrowser] Selected Browser is: chrome
2023-01-26 18:14:59 [INFO ] [Browser] - [startBrowser] Chrome Browser is Started1437107223
2023-01-26 18:15:04 [INFO ] [Hooks] - [closeBrowser] Scenario Completed: User can able to provide all the valid datas into the Respective  Input fields
2023-01-26 18:15:04 [INFO ] [Hooks] - [closeBrowser] Scenario Status is: FAILED
2023-01-26 18:30:16 [INFO ] [Hooks] - [setUp] Scenario Started: User can able to provide all the valid datas into the Respective  Input fields
2023-01-26 18:30:16 [INFO ] [Browser] - [startBrowser] Selected Browser is: chrome
2023-01-26 18:30:19 [INFO ] [Browser] - [startBrowser] Chrome Browser is Started1642319693
2023-01-26 18:30:25 [INFO ] [Hooks] - [closeBrowser] Scenario Completed: User can able to provide all the valid datas into the Respective  Input fields
2023-01-26 18:30:25 [INFO ] [Hooks] - [closeBrowser] Scenario Status is: PASSED
2023-01-26 19:03:05 [INFO ] [Hooks] - [setUp] Scenario Started: User can able to provide all the valid datas into the Respective  Input fields
2023-01-26 19:03:05 [INFO ] [Browser] - [startBrowser] Selected Browser is: chrome
2023-01-26 19:03:09 [INFO ] [Browser] - [startBrowser] Chrome Browser is Started131096911
2023-01-26 19:03:15 [INFO ] [Hooks] - [closeBrowser] Scenario Completed: User can able to provide all the valid datas into the Respective  Input fields
2023-01-26 19:03:15 [INFO ] [Hooks] - [closeBrowser] Scenario Status is: FAILED
2023-01-26 19:10:35 [INFO ] [Hooks] - [setUp] Scenario Started: User can able to provide all the valid datas into the Respective  Input fields
2023-01-26 19:10:35 [INFO ] [Browser] - [startBrowser] Selected Browser is: chrome
2023-01-26 19:10:39 [INFO ] [Browser] - [startBrowser] Chrome Browser is Started827843776
2023-01-26 19:10:45 [INFO ] [Hooks] - [closeBrowser] Scenario Completed: User can able to provide all the valid datas into the Respective  Input fields
2023-01-26 19:10:45 [INFO ] [Hooks] - [closeBrowser] Scenario Status is: PASSED
2023-01-26 19:18:26 [INFO ] [Hooks] - [setUp] Scenario Started: User can able to provide all the valid datas into the Respective  Input fields
2023-01-26 19:18:26 [INFO ] [Browser] - [startBrowser] Selected Browser is: chrome
2023-01-26 19:18:36 [INFO ] [Browser] - [startBrowser] Chrome Browser is Started1437107223
2023-01-26 19:18:42 [INFO ] [Hooks] - [closeBrowser] Scenario Completed: User can able to provide all the valid datas into the Respective  Input fields
2023-01-26 19:18:42 [INFO ] [Hooks] - [closeBrowser] Scenario Status is: FAILED
2023-01-26 19:22:24 [INFO ] [Hooks] - [setUp] Scenario Started: User can able to provide all the valid datas into the Respective  Input fields
2023-01-26 19:22:24 [INFO ] [Browser] - [startBrowser] Selected Browser is: chrome
2023-01-26 19:22:27 [INFO ] [Browser] - [startBrowser] Chrome Browser is Started131096911
2023-01-26 19:22:32 [INFO ] [Hooks] - [closeBrowser] Scenario Completed: User can able to provide all the valid datas into the Respective  Input fields
2023-01-26 19:22:32 [INFO ] [Hooks] - [closeBrowser] Scenario Status is: PASSED
2023-01-26 19:46:52 [INFO ] [Hooks] - [setUp] Scenario Started: User can able to provide all the valid datas into the Respective  Input fields
2023-01-26 19:46:53 [INFO ] [Browser] - [startBrowser] Selected Browser is: chrome
2023-01-26 19:46:55 [INFO ] [Browser] - [startBrowser] Chrome Browser is Started921764975
2023-01-26 19:47:00 [INFO ] [Hooks] - [closeBrowser] Scenario Completed: User can able to provide all the valid datas into the Respective  Input fields
2023-01-26 19:47:00 [INFO ] [Hooks] - [closeBrowser] Scenario Status is: PASSED
2023-01-26 19:52:19 [INFO ] [Hooks] - [setUp] Scenario Started: User can able to provide all the valid datas into the Respective  Input fields
2023-01-26 19:52:19 [INFO ] [Browser] - [startBrowser] Selected Browser is: chrome
2023-01-26 19:52:22 [INFO ] [Browser] - [startBrowser] Chrome Browser is Started131096911
2023-01-26 19:52:28 [INFO ] [Hooks] - [closeBrowser] Scenario Completed: User can able to provide all the valid datas into the Respective  Input fields
2023-01-26 19:52:28 [INFO ] [Hooks] - [closeBrowser] Scenario Status is: PASSED
2023-01-27 10:24:37 [INFO ] [Hooks] - [setUp] Scenario Started: Verify user can able to register the accound without providing any details
2023-01-27 10:24:37 [INFO ] [Browser] - [startBrowser] Selected Browser is: chrome
2023-01-27 10:25:04 [INFO ] [Browser] - [startBrowser] Chrome Browser is Started780172372
2023-01-27 10:25:08 [INFO ] [Hooks] - [closeBrowser] Scenario Completed: Verify user can able to register the accound without providing any details
2023-01-27 10:25:08 [INFO ] [Hooks] - [closeBrowser] Scenario Status is: UNDEFINED
2023-01-27 10:41:58 [INFO ] [Hooks] - [setUp] Scenario Started: Verify user can able to register the accound without providing any details
2023-01-27 10:41:58 [INFO ] [Browser] - [startBrowser] Selected Browser is: chrome
2023-01-27 10:42:06 [INFO ] [Browser] - [startBrowser] Chrome Browser is Started1311884268
2023-01-27 10:42:21 [INFO ] [Hooks] - [closeBrowser] Scenario Completed: Verify user can able to register the accound without providing any details
2023-01-27 10:42:21 [INFO ] [Hooks] - [closeBrowser] Scenario Status is: FAILED
2023-01-27 10:43:23 [INFO ] [Hooks] - [setUp] Scenario Started: Verify user can able to register the accound without providing any details
2023-01-27 10:43:23 [INFO ] [Browser] - [startBrowser] Selected Browser is: chrome
2023-01-27 10:43:29 [INFO ] [Browser] - [startBrowser] Chrome Browser is Started956365425
2023-01-27 10:43:41 [INFO ] [Hooks] - [closeBrowser] Scenario Completed: Verify user can able to register the accound without providing any details
2023-01-27 10:43:41 [INFO ] [Hooks] - [closeBrowser] Scenario Status is: PASSED
2023-01-27 12:02:30 [INFO ] [Hooks] - [setUp] Scenario Started: Verify user can Register duplicated account or not
2023-01-27 12:02:30 [INFO ] [Browser] - [startBrowser] Selected Browser is: chrome
2023-01-27 12:02:54 [INFO ] [Browser] - [startBrowser] Chrome Browser is Started534643569
2023-01-27 12:03:05 [INFO ] [Hooks] - [closeBrowser] Scenario Completed: Verify user can Register duplicated account or not
2023-01-27 12:03:05 [INFO ] [Hooks] - [closeBrowser] Scenario Status is: UNDEFINED
2023-01-27 12:17:51 [INFO ] [Hooks] - [setUp] Scenario Started: Verify user can Register duplicated account or not
2023-01-27 12:17:51 [INFO ] [Browser] - [startBrowser] Selected Browser is: chrome
2023-01-27 12:17:57 [INFO ] [Browser] - [startBrowser] Chrome Browser is Started1491676195
2023-01-27 12:18:01 [INFO ] [Hooks] - [closeBrowser] Scenario Completed: Verify user can Register duplicated account or not
2023-01-27 12:18:01 [INFO ] [Hooks] - [closeBrowser] Scenario Status is: FAILED
2023-01-27 12:23:48 [INFO ] [Hooks] - [setUp] Scenario Started: Verify user can Register duplicated account or not
2023-01-27 12:23:48 [INFO ] [Browser] - [startBrowser] Selected Browser is: chrome
2023-01-27 12:23:51 [INFO ] [Browser] - [startBrowser] Chrome Browser is Started827843776
2023-01-27 12:23:56 [INFO ] [Hooks] - [closeBrowser] Scenario Completed: Verify user can Register duplicated account or not
2023-01-27 12:23:56 [INFO ] [Hooks] - [closeBrowser] Scenario Status is: PASSED
2023-01-27 12:34:52 [INFO ] [Hooks] - [setUp] Scenario Started: Verify User can able to provide all the valid datas into the Respective  Input fields
2023-01-27 12:34:52 [INFO ] [Browser] - [startBrowser] Selected Browser is: chrome
2023-01-27 12:34:56 [INFO ] [Browser] - [startBrowser] Chrome Browser is Started87845070
2023-01-27 12:35:01 [INFO ] [Hooks] - [closeBrowser] Scenario Completed: Verify User can able to provide all the valid datas into the Respective  Input fields
2023-01-27 12:35:01 [INFO ] [Hooks] - [closeBrowser] Scenario Status is: PASSED
2023-01-27 12:35:02 [INFO ] [Hooks] - [setUp] Scenario Started: Verify user can able to register the accound without providing any details
2023-01-27 12:35:02 [INFO ] [Browser] - [startBrowser] Selected Browser is: chrome
2023-01-27 12:35:03 [INFO ] [Browser] - [startBrowser] Chrome Browser is Started1270565296
2023-01-27 12:35:08 [INFO ] [Hooks] - [closeBrowser] Scenario Completed: Verify user can able to register the accound without providing any details
2023-01-27 12:35:08 [INFO ] [Hooks] - [closeBrowser] Scenario Status is: PASSED
2023-01-27 12:35:08 [INFO ] [Hooks] - [setUp] Scenario Started: Verify user can Register duplicated account or not
2023-01-27 12:35:08 [INFO ] [Browser] - [startBrowser] Selected Browser is: chrome
2023-01-27 12:35:10 [INFO ] [Browser] - [startBrowser] Chrome Browser is Started914171926
2023-01-27 12:35:16 [INFO ] [Hooks] - [closeBrowser] Scenario Completed: Verify user can Register duplicated account or not
2023-01-27 12:35:16 [INFO ] [Hooks] - [closeBrowser] Scenario Status is: PASSED
